<?xml version="1.0" encoding="UTF-8"?>
<!-- Generated by org.testng.reporters.JUnitReportReporter -->
<testsuite hostname="DESKTOP-3060BPL" name="automationFramework.POM_TC" tests="1" failures="0" timestamp="16 Apr 2018 05:09:27 GMT" time="6.444" errors="0">
  <testcase name="f" time="6.444" classname="automationFramework.POM_TC"/>
</testsuite> <!-- automationFramework.POM_TC -->
